C51 COMPILER V9.54   HUANJING                                                              01/09/2019 09:17:13 PAGE 1   


C51 COMPILER V9.54, COMPILATION OF MODULE HUANJING
OBJECT MODULE PLACED IN .\huanjing.obj
COMPILER INVOKED BY: D:\Program Files (x86)\keil\C51\BIN\C51.EXE ..\hardware\huanjing\huanjing.c LARGE OPTIMIZE(8,SPEED)
                    - BROWSE INCDIR(..\hardware\chuankou;..\hardware\dongtai;..\hardware\flash;..\hardware\huanjing;..\hardware\led_key;..\ha
                    -rdware\paint;..\hardware\ruqing;..\hardware\touch_main;..\hardware\yaokong;..\hardware\zitai;..\main;..\system\bin;..\sy
                    -stem\delay;..\system\iic;..\system\interrupt;..\system\spi;..\system\stc;..\tft_touch_sd\font;..\tft_touch_sd\touch;..\t
                    -ft_touch_sd\tft;..\tft_touch_sd\txt;..\hardware\peizhi;..\hardware\communicat;..\hardware\phonebook) DEBUG OBJECTEXTEND 
                    -PRINT(.\huanjing.lst) TABS(2) OBJECT(.\huanjing.obj)

line level    source

   1          
   2          #include "tft.h"
   3          #include "bin.h"
   4          #include "txt.h"
   5          #include "touch.h"
   6          #include "delay.h"
   7          #include "huanjing.h"
   8          #include "iic.h"
   9          #include "interrupt.h"
  10          #include "STC15F2K60S2.h"
  11          
  12          #define   SlaveAddress   0x46 //定义器件在IIC总线中的从地址,根据ALT  ADDRESS地址引脚不同修改
  13                                        //ALT  ADDRESS引脚接地时地址为0xA6，接电源时地址为0x3A
  14          
  15          sbit CG_WDO = P4^4;  //单总线 
  16          /**
  17            dongtai.c功能
  18           光照度 ；（基于IIC协议）
  19           温湿度 ； P44
  20          */
  21          
  22          
  23          unsigned char xdata BH1750_BUF[3];  
  24          unsigned char humitureT[3],humitureH[3]; //温度,湿度
  25          unsigned char xdata DispBuf[6];   //光照度
  26          unsigned char T_H,T_L,R_H,R_L; //温度,湿度 H为整数位，L为小数位
  27          
  28          void HuanjingIOInit(void)
  29          {  
  30   1      P4M0 |=(1<<4);
  31   1      P4M1 &=~(1<<4);  
  32   1      Init_IIC();
  33   1      }
  34          /****************************************以下为光照度功能程序*********************************************
             -**/
  35          void Single_Write_BH1750(unsigned char REG_Address)
  36          {
  37   1          I2CStart();                  //起始信号
  38   1          I2CSendByte(SlaveAddress);   //发送设备地址+写信号
  39   1          I2CSendByte(REG_Address);    //内部寄存器地址，请参考中文pdf22页 
  40   1          I2CStop();                   //发送停止信号
  41   1      }
  42          //*********************************************************
  43          //连续读出BH1750内部数据
  44          //*********************************************************
  45          void Multiple_read_BH1750(void)
  46          {   unsigned char i;  
  47   1          I2CStart();                          //起始信号
  48   1          I2CSendByte(SlaveAddress+1);         //发送设备地址+读信号
  49   1        
C51 COMPILER V9.54   HUANJING                                                              01/09/2019 09:17:13 PAGE 2   

  50   1         for (i=0; i<3; i++)                      //连续读取6个地址数据，存储中BH1750_BUF
  51   1          {
  52   2              BH1750_BUF[i] = I2CRecvByte();          //BH1750_BUF[0]存储0x32地址中的数据
  53   2              if (i == 3)
  54   2              {
  55   3      
  56   3                 I2CSendACK(1);                //最后一个数据需要回NOACK
  57   3              }
  58   2              else
  59   2              {   
  60   3                I2CSendACK(0);                //回应ACK
  61   3             }
  62   2         }
  63   1      
  64   1          I2CStop();                          //停止信号
  65   1          delayms(5);
  66   1      }
  67          
  68          
  69          //初始化BH1750，根据需要请参考pdf进行修改****
  70          void Init_BH1750(void)
  71          {
  72   1         Single_Write_BH1750(0x01);  
  73   1      }
  74          
  75          //*********************************************************
  76          //主程序********
  77          //*********************************************************
  78          void BH1750(void)
  79          {  
  80   1      
  81   1         unsigned int     GZData,TempData;    //变量  
  82   1                  
  83   1      
  84   1          Single_Write_BH1750(0x01);   // power on
  85   1          Single_Write_BH1750(0x10);   // H- resolution mode
  86   1      
  87   1          delayms(180);              //延时180ms
  88   1      
  89   1          Multiple_read_BH1750();       //连续读出数据，存储在BH1750_BUF中
  90   1      
  91   1          GZData=BH1750_BUF[0];
  92   1          GZData=(GZData<<8)+BH1750_BUF[1];//合成数据 
  93   1          
  94   1          GZData=(unsigned int)(((float)GZData)/1.2);
  95   1       
  96   1        DispBuf[0]=GZData/10000+0x30 ;
  97   1          TempData=GZData%10000;   //取余运算
  98   1        DispBuf[1]=TempData/1000+0x30 ;
  99   1          TempData=TempData%1000;    //取余运算
 100   1          DispBuf[2]=TempData/100+0x30   ;
 101   1          TempData=TempData%100;     //取余运算
 102   1          DispBuf[3]=TempData/10+0x30    ;
 103   1          TempData=TempData%10;      //取余运算
 104   1          DispBuf[4]=TempData+0x30;   
 105   1        DispBuf[5]='\0';
 106   1      
 107   1        TFT_ShowString(7,3,DispBuf,BLACK,CYAN);
 108   1      } 
 109          
 110          
 111          /***************************************以下为温湿度功能程序**********************************************
C51 COMPILER V9.54   HUANJING                                                              01/09/2019 09:17:13 PAGE 3   

             -**/
 112          
 113          void DHT_IO_OUT(void)
 114          {
 115   1        CG_WDO=1;
 116   1        P4M0 |=(1<<4);
 117   1        P4M1 &=~(1<<4); 
 118   1      }
 119          void DHT_IO_IN(void)
 120          {
 121   1        CG_WDO=1;
 122   1        P4M0 &=~(1<<4);
 123   1        P4M1 |=(1<<4);  
 124   1      }
 125          
 126          void DH11Start(void)//开始信号
 127          {
 128   1          DHT_IO_OUT();
 129   1          CG_WDO=0;
 130   1          delayms(30); //至少拉低18ms
 131   1          DHT_IO_IN(); //切换至输入
 132   1          delay(30);//20-40us
 133   1      }
 134          
 135          unsigned char DH11ReceiveOneByte(void)//接收一个字节,高位在前
 136          {
 137   1          unsigned char i,temp=0;
 138   1          for(i=0;i<8;i++)
 139   1          {
 140   2              temp <<=1;
 141   2              while(CG_WDO);//等待拉低50us
 142   2              delay(40);
 143   2              while(!CG_WDO);//等待拉高26-28us
 144   2              delay(35);
 145   2              if(CG_WDO==1)  //表示高电平持续时间超过28为数据1 否者为零
 146   2              { 
 147   3                  temp |=(1<<0);  
 148   3              }   
 149   2           }
 150   1           return temp;
 151   1      }
 152          
 153          void DH11GetHumiture(void)//接收数据 5组:温度整数,小数,湿度整数,小数,校验和
 154          {              //传感器小数位为0,所以不需要
 155   1          unsigned char check,num_check;
 156   1      
 157   1          DH11Start();//开始信号
 158   1          while(CG_WDO);//等待响应信号拉低
 159   1          delay(80);
 160   1          while(!CG_WDO);//等待响应信号拉高
 161   1          delay(80);
 162   1       
 163   1          R_H=DH11ReceiveOneByte();
 164   1          R_L=DH11ReceiveOneByte();  //传感器小数位为0  
 165   1          T_H=DH11ReceiveOneByte();
 166   1          T_L=DH11ReceiveOneByte();  //传感器小数位为0
 167   1          num_check=DH11ReceiveOneByte();
 168   1      
 169   1          while(CG_WDO);//等待响应信号拉低
 170   1          delay(50);
 171   1      
 172   1          DHT_IO_OUT(); //释放总线
C51 COMPILER V9.54   HUANJING                                                              01/09/2019 09:17:13 PAGE 4   

 173   1      
 174   1          check=R_H+R_L+T_H+T_L;
 175   1          if(check==num_check)
 176   1          {
 177   2              humitureT[0]=T_H/10+0x30;
 178   2          humitureT[1]=T_H%10+0x30;
 179   2          humitureT[2]='\0';   
 180   2              humitureH[0]=R_H/10+0x30;
 181   2          humitureH[1]=R_H%10+0x30;
 182   2          humitureH[2]='\0';
 183   2          }
 184   1      }
 185          
 186          
 187          /****************************************以下为触控屏显示程序*********************************************
             -**/
 188          
 189          
 190          void HuanjingMFrame(void)
 191          {
 192   1        TFT_ClearArea(0,16,240,320-16,LIGHTBLUE);
 193   1        TFT_ClearONELINE(19,BLUE);
 194   1          TFT_ShowString_W25(0,19,2,"主界面",WHITE,RED);
 195   1      
 196   1        TFT_ShowString_W25(8,1,2,"当前环境检测:",BROWN,WHITE);
 197   1        TFT_ShowString_W25(0,3,2,"光照度:",WHITE,BLUE);
 198   1        TFT_ShowString_W25(13,3,2,"温度:",WHITE,BLUE);
 199   1        TFT_ShowString_W25(21,3,2,"湿度:",WHITE,BLUE);
 200   1      }
 201          void HumitureFrame(void)
 202          {
 203   1         TFT_ClearArea(20,70,200,200,LIGHTBLUE);
 204   1         //*********坐标
 205   1          LCD_DrawLine(20,70,20,270,BLUE); LCD_DrawLine(20,70,15,80,BLUE);LCD_DrawLine(20,70,25,80,BLUE);
 206   1          LCD_DrawLine(20,270,220,270,BLUE); LCD_DrawLine(220,270,210,265,BLUE);LCD_DrawLine(220,270,210,275,BLU
             -E);
 207   1         //*********刻度
 208   1          LCD_DrawLine(20,90,25,90,BLUE);    //间隔20,每一个最小刻度值对应2个像素 坐标=270-温度值*2
 209   1          LCD_DrawLine(20,110,25,110,BLUE);
 210   1          LCD_DrawLine(20,130,25,130,BLUE);
 211   1          LCD_DrawLine(20,150,25,150,BLUE);
 212   1          LCD_DrawLine(20,170,25,170,BLUE);
 213   1          LCD_DrawLine(20,190,25,190,BLUE);
 214   1          LCD_DrawLine(20,210,25,210,BLUE);
 215   1          LCD_DrawLine(20,230,25,230,BLUE);
 216   1          LCD_DrawLine(20,250,25,250,BLUE);  
 217   1      }
 218          
 219          void HuanjJiancTouch(void)
 220          {
 221   1          unsigned int OldX1=20,OldY1=270,NewX1,NewY1; //温度
 222   1          unsigned int OldX2=20,OldY2=270,NewX2,NewY2; //湿度
 223   1          unsigned char cidu=8;//画线的尺度比例
 224   1          unsigned char THTemp[3]={0};
 225   1      
 226   1        HuanjingMFrame();
 227   1        HuanjingIOInit();
 228   1          HumitureFrame();
 229   1        
 230   1        Init_BH1750();
 231   1        Time1_Init20MS();//定时1s用于更新传感器时间
 232   1      
C51 COMPILER V9.54   HUANJING                                                              01/09/2019 09:17:13 PAGE 5   

 233   1          TR1=1;//开始计数
 234   1      
 235   1      
 236   1        while(1)
 237   1         {
 238   2          if(!Touch_IRQ()) //有触摸发生
 239   2          {
 240   3            if(Convert_Pos()) //得到坐标值
 241   3            {
 242   4              if(tp_pixlcd.x<48&&tp_pixlcd.y>298)   //下标签栏"主界面"
 243   4              {TR1=0;ET1 =0;CountNumber=0;return;} //关闭定时器
 244   4      
 245   4             }
 246   3           }
 247   2        //光照度传感器
 248   2           BH1750();
 249   2        //绘制温度曲线
 250   2      
 251   2              if(CountNumber>80)//计时时间大于1s,取一次值    20ms* CountNumber
 252   2              {
 253   3                  CountNumber=0;
 254   3            DH11GetHumiture();
 255   3            TFT_ShowString(18,3,humitureT,YELLOW,LIGHTBLUE);  //温度数据
 256   3            TFT_ShowString(26,3,humitureH,GREEN,LIGHTBLUE);  //湿度数据
 257   3      
 258   3              if(OldX1<100*2)
 259   3                  {
 260   4                      NewX1=OldX1+cidu;NewY1=270-T_H*2;
 261   4                      LCD_DrawLine(OldX1,OldY1,NewX1,NewY1,YELLOW);  
 262   4                      OldX1=NewX1;OldY1=NewY1;
 263   4              
 264   4                      NewX2=OldX2+cidu;NewY2=270-R_H*2;
 265   4                      LCD_DrawLine(OldX2,OldY2,NewX2,NewY2,GREEN);  
 266   4                      OldX2=NewX2;OldY2=NewY2;
 267   4                  }
 268   3                  else  
 269   3                  {
 270   4                    OldX1=20;
 271   4                    OldX2=20;
 272   4                    HumitureFrame();
 273   4                  }
 274   3              }
 275   2          }
 276   1      }


MODULE INFORMATION:   STATIC OVERLAYABLE
   CODE SIZE        =   1850    ----
   CONSTANT SIZE    =     44    ----
   XDATA SIZE       =     19      25
   PDATA SIZE       =   ----    ----
   DATA SIZE        =   ----    ----
   IDATA SIZE       =   ----    ----
   BIT SIZE         =   ----    ----
END OF MODULE INFORMATION.


C51 COMPILATION COMPLETE.  0 WARNING(S),  0 ERROR(S)
