C51 COMPILER V9.54   IIC                                                                   01/09/2019 09:17:12 PAGE 1   


C51 COMPILER V9.54, COMPILATION OF MODULE IIC
OBJECT MODULE PLACED IN .\iic.obj
COMPILER INVOKED BY: D:\Program Files (x86)\keil\C51\BIN\C51.EXE ..\system\iic\iic.c LARGE OPTIMIZE(8,SPEED) BROWSE INCD
                    -IR(..\hardware\chuankou;..\hardware\dongtai;..\hardware\flash;..\hardware\huanjing;..\hardware\led_key;..\hardware\paint
                    -;..\hardware\ruqing;..\hardware\touch_main;..\hardware\yaokong;..\hardware\zitai;..\main;..\system\bin;..\system\delay;.
                    -.\system\iic;..\system\interrupt;..\system\spi;..\system\stc;..\tft_touch_sd\font;..\tft_touch_sd\touch;..\tft_touch_sd\
                    -tft;..\tft_touch_sd\txt;..\hardware\peizhi;..\hardware\communicat;..\hardware\phonebook) DEBUG OBJECTEXTEND PRINT(.\iic.
                    -lst) TABS(2) OBJECT(.\iic.obj)

line level    source

   1          #include "STC15F2K60S2.h"
   2          #include "delay.h"
   3          #include "iic.h"
   4          /**
   5            iic.c功能
   6          */
   7          sbit I2C_SCL =P4^6;
   8          sbit I2C_SDA =P4^5;
   9          
  10          void Init_IIC(void)
  11          {
  12   1      P4M0 |=(1<<6);    //I2C_SCL
  13   1      P4M1 &=~(1<<6); 
  14   1      
  15   1      P4M0 |=(1<<5);    //I2C_SDA 
  16   1      P4M1 &=~(1<<5); 
  17   1      
  18   1      }
  19          
  20          /**************************************
  21          起始信号:SCL为高电平时，sda有个下降沿
  22          **************************************/
  23          void I2CStart(void)
  24          {
  25   1          I2C_SDA = 1;                    //拉高数据线
  26   1          I2C_SCL = 1;                    //拉高时钟线
  27   1          delay(10);                 //延时
  28   1          I2C_SDA = 0;                    //产生下降沿
  29   1          delay(10);                 //延时
  30   1          I2C_SCL = 0;                    //拉低时钟线
  31   1      }
  32          
  33          /**************************************
  34          停止信号:SCL为高电平时，sda有个上升沿
  35          **************************************/
  36          void I2CStop(void)
  37          {
  38   1          I2C_SDA = 0;                    //拉低数据线
  39   1          I2C_SCL = 1;                    //拉高时钟线
  40   1          delay(10);                 //延时
  41   1          I2C_SDA = 1;                    //产生上升沿
  42   1          delay(10);                 //延时
  43   1      }
  44          
  45          /**************************************
  46          发送应答信号
  47          入口参数:ack (0:ACK 1:NAK)
  48          **************************************/
  49          void I2CSendACK(bit ack)
  50          {
C51 COMPILER V9.54   IIC                                                                   01/09/2019 09:17:12 PAGE 2   

  51   1          I2C_SDA = ack;                  //写应答信号
  52   1          I2C_SCL = 1;                    //拉高时钟线
  53   1          delay(10);                 //延时
  54   1          I2C_SCL = 0;                    //拉低时钟线
  55   1          delay(10);                 //延时
  56   1      }
  57          
  58          /**************************************
  59          接收应答信号
  60          **************************************/
  61          bit I2CRecvACK(void)
  62          {
  63   1          I2C_SCL = 1;                    //拉高时钟线
  64   1      
  65   1        P4M0 &=~(1<<5);       //I2C_SDA  配置为输入
  66   1          P4M1 |=(1<<5);
  67   1      
  68   1        delay(10);                 //延时
  69   1          CY = I2C_SDA;                   //读应答信号
  70   1          I2C_SCL = 0;                    //拉低时钟线
  71   1          
  72   1        P4M0 |=(1<<5);     //I2C_SDA   配置为输出
  73   1        P4M1 &=~(1<<5); 
  74   1        
  75   1        delay(10);                 //延时
  76   1      
  77   1          return CY;
  78   1      }
  79          
  80          /**************************************
  81          向IIC总线发送一个字节数据
  82          **************************************/
  83          void I2CSendByte(unsigned char dat)
  84          {
  85   1          unsigned char  i;
  86   1      
  87   1          for (i=0; i<8; i++)         //8位计数器
  88   1          {
  89   2              dat <<= 1;              //移出数据的最高位
  90   2              I2C_SDA = CY;               //送数据口
  91   2              I2C_SCL = 1;                //拉高时钟线
  92   2              delay(10);             //延时
  93   2              I2C_SCL = 0;                //拉低时钟线
  94   2              delay(10);             //延时
  95   2          }
  96   1          I2CRecvACK();
  97   1      }
  98          
  99          /**************************************
 100          从IIC总线接收一个字节数据
 101          **************************************/
 102          unsigned char  I2CRecvByte(void)
 103          {
 104   1          unsigned char  i;
 105   1          unsigned char  dat = 0;
 106   1      
 107   1        P4M0 &=~(1<<5);       //I2C_SDA  配置为输入
 108   1          P4M1 |=(1<<5);
 109   1      
 110   1          for (i=0; i<8; i++)         //8位计数器
 111   1          {
 112   2              dat <<= 1;
C51 COMPILER V9.54   IIC                                                                   01/09/2019 09:17:12 PAGE 3   

 113   2              I2C_SCL = 1;                //拉高时钟线
 114   2              delay(10);             //延时
 115   2              dat |= I2C_SDA;             //读数据               
 116   2              I2C_SCL = 0;                //拉低时钟线
 117   2              delay(20);             //延时
 118   2          }
 119   1      
 120   1        P4M0 |=(1<<5);     //I2C_SDA   配置为输出
 121   1        P4M1 &=~(1<<5); 
 122   1          return dat;
 123   1      }


MODULE INFORMATION:   STATIC OVERLAYABLE
   CODE SIZE        =    238    ----
   CONSTANT SIZE    =   ----    ----
   XDATA SIZE       =   ----       4
   PDATA SIZE       =   ----    ----
   DATA SIZE        =   ----    ----
   IDATA SIZE       =   ----    ----
   BIT SIZE         =   ----       1
END OF MODULE INFORMATION.


C51 COMPILATION COMPLETE.  0 WARNING(S),  0 ERROR(S)
