C51 COMPILER V9.54   JIAOSU_L3G4200                                                        01/09/2019 09:17:15 PAGE 1   


C51 COMPILER V9.54, COMPILATION OF MODULE JIAOSU_L3G4200
OBJECT MODULE PLACED IN .\jiaosu_l3g4200.obj
COMPILER INVOKED BY: D:\Program Files (x86)\keil\C51\BIN\C51.EXE ..\hardware\zitai\jiaosu_l3g4200.c LARGE OPTIMIZE(8,SPE
                    -ED) BROWSE INCDIR(..\hardware\chuankou;..\hardware\dongtai;..\hardware\flash;..\hardware\huanjing;..\hardware\led_key;..
                    -\hardware\paint;..\hardware\ruqing;..\hardware\touch_main;..\hardware\yaokong;..\hardware\zitai;..\main;..\system\bin;..
                    -\system\delay;..\system\iic;..\system\interrupt;..\system\spi;..\system\stc;..\tft_touch_sd\font;..\tft_touch_sd\touch;.
                    -.\tft_touch_sd\tft;..\tft_touch_sd\txt;..\hardware\peizhi;..\hardware\communicat;..\hardware\phonebook) DEBUG OBJECTEXTE
                    -ND PRINT(.\jiaosu_l3g4200.lst) TABS(2) OBJECT(.\jiaosu_l3g4200.obj)

line level    source

   1          #include "STC15F2K60S2.h"
   2          #include "tft.h"
   3          #include "txt.h"
   4          #include "iic.h"
   5          #include "delay.h"
   6          #include "jiaosu_l3g4200.h"
   7          
   8          #include  <math.h>    //Keil library  
   9          
  10          
  11          
  12          #define L3G4200_AD   0xD2   //三轴角速度陀螺仪L3G4200    
  13          
  14          
  15          //**********L3G4200D???????*********
  16          #define WHO_AM_I 0x0F
  17          #define CTRL_REG1 0x20
  18          #define CTRL_REG2 0x21
  19          #define CTRL_REG3 0x22
  20          #define CTRL_REG4 0x23
  21          #define CTRL_REG5 0x24
  22          #define REFERENCE 0x25
  23          #define OUT_TEMP 0x26
  24          #define STATUS_REG 0x27
  25          #define OUT_X_L 0x28
  26          #define OUT_X_H 0x29
  27          #define OUT_Y_L 0x2A
  28          #define OUT_Y_H 0x2B
  29          #define OUT_Z_L 0x2C
  30          #define OUT_Z_H 0x2D
  31          #define FIFO_CTRL_REG 0x2E
  32          #define FIFO_SRC_REG 0x2F
  33          #define INT1_CFG 0x30
  34          #define INT1_SRC 0x31
  35          #define INT1_TSH_XH 0x32
  36          #define INT1_TSH_XL 0x33
  37          #define INT1_TSH_YH 0x34
  38          #define INT1_TSH_YL 0x35
  39          #define INT1_TSH_ZH 0x36
  40          #define INT1_TSH_ZL 0x37
  41          #define INT1_DURATION 0x38
  42          
  43          
  44          //***************************************************
  45          unsigned char L3G4200BUF[7]='\0';                         //???????   
  46          unsigned char L3G4200DISPLAY[5]='\0';   
  47          //******?????*******************************************
  48          
  49          void Single_Write_L3G4200(unsigned char REG_Address,unsigned char REG_data)
  50          {
C51 COMPILER V9.54   JIAOSU_L3G4200                                                        01/09/2019 09:17:15 PAGE 2   

  51   1          I2CStart();                  //????
  52   1          I2CSendByte(L3G4200_AD);   //??????+???
  53   1          I2CSendByte(REG_Address);    //???????,?????pdf22? 
  54   1          I2CSendByte(REG_data);       //???????,?????pdf22? 
  55   1          I2CStop();                   //??????
  56   1      }
  57          
  58          //********?????*****************************************
  59          unsigned char Single_Read_L3G4200(unsigned char REG_Address)
  60          {  unsigned char REG_data;
  61   1          I2CStart();                          //????
  62   1          I2CSendByte(L3G4200_AD);           //??????+???
  63   1          I2CSendByte(REG_Address);                   //????????,?0?? 
  64   1          I2CStart();                          //????
  65   1          I2CSendByte(L3G4200_AD+1);         //??????+???
  66   1          REG_data=I2CRecvByte();              //???????
  67   1          I2CSendACK(1);   
  68   1          I2CStop();                           //????
  69   1          return REG_data; 
  70   1      }
  71          //*********************************************************
  72          //
  73          //????L3G4200???????,????0x28~0x2D
  74          //
  75          //*********************************************************
  76          void Multiple_Read_L3G4200(void)
  77          {   unsigned char i;
  78   1          I2CStart();                          //????
  79   1          I2CSendByte(L3G4200_AD);           //??????+???
  80   1          I2CSendByte(0x28);                   //????????,?0x32?? 
  81   1          I2CStart();                          //????
  82   1          I2CSendByte(L3G4200_AD+1);         //??????+???
  83   1         for (i=0; i<6; i++)                      //????6?????,???BUF
  84   1          {
  85   2              L3G4200BUF[i] = I2CRecvByte();          //BUF[0]??0x32??????
  86   2              if (i == 5)
  87   2              {
  88   3                 I2CSendACK(1);                //?????????NOACK
  89   3              }
  90   2              else
  91   2              {
  92   3                I2CSendACK(0);                //??ACK
  93   3             }
  94   2         }
  95   1          I2CStop();                          //????
  96   1          delayms(5);
  97   1      }
  98          
  99          
 100          //*****************************************************************
 101          
 102          //???L3G4200,???????pdf????************************
 103          void Init_L3G4200()
 104          {
 105   1         Single_Write_L3G4200(CTRL_REG1, 0x0f);   //
 106   1         Single_Write_L3G4200(CTRL_REG2, 0x00);   //
 107   1         Single_Write_L3G4200(CTRL_REG3, 0x08);   //
 108   1         Single_Write_L3G4200(CTRL_REG4, 0x30);  //+-2000dps
 109   1         Single_Write_L3G4200(CTRL_REG5, 0x00);
 110   1      }
 111          
 112          //??x?
C51 COMPILER V9.54   JIAOSU_L3G4200                                                        01/09/2019 09:17:15 PAGE 3   

 113          void DISP_L3G4200_x()
 114          {   
 115   1        int temp_data;
 116   1          float temp ;       
 117   1          L3G4200BUF[0]= Single_Read_L3G4200(OUT_X_L);
 118   1          L3G4200BUF[1]= Single_Read_L3G4200(OUT_X_H); //??X???
 119   1          temp_data=(L3G4200BUF[1]<<8)+L3G4200BUF[0];  //????   
 120   1          temp=(float)temp_data*0.07; // ???? ?9?,2000?/???
 121   1          temp_data=(int)temp;
 122   1          
 123   1        if(temp_data<0){
 124   2        temp_data=-temp_data;
 125   2          L3G4200DISPLAY[0]='-';   
 126   2        }
 127   1        else L3G4200DISPLAY[0]='+'; 
 128   1       
 129   1          L3G4200DISPLAY[1]=temp_data/100+0x30   ;
 130   1          temp_data=temp_data%100;     //????
 131   1          L3G4200DISPLAY[2]=temp_data/10+0x30    ;
 132   1          temp_data=temp_data%10;      //????
 133   1          L3G4200DISPLAY[3]=temp_data+0x30; 
 134   1          L3G4200DISPLAY[4]='\0';
 135   1          
 136   1          TFT_ShowString(0,15,"X:",BLACK,CYAN);
 137   1          TFT_ShowString(2,15,L3G4200DISPLAY,BLACK,CYAN);
 138   1      }
 139          void DISP_L3G4200_y()
 140          {   
 141   1        int temp_data;
 142   1          float temp  ;                   //??
 143   1          L3G4200BUF[2]= Single_Read_L3G4200(OUT_Y_L);
 144   1          L3G4200BUF[3]= Single_Read_L3G4200(OUT_Y_H); //??X???
 145   1          temp_data=(L3G4200BUF[3]<<8)+L3G4200BUF[2];  //????   
 146   1          temp=(float)temp_data*0.07; // ???? ?9?,2000?/???
 147   1          temp_data=(int)temp;
 148   1          
 149   1        if(temp_data<0){
 150   2        temp_data=-temp_data;
 151   2          L3G4200DISPLAY[0]='-';   
 152   2        }
 153   1        else L3G4200DISPLAY[0]='+'; 
 154   1       
 155   1          L3G4200DISPLAY[1]=temp_data/100+0x30   ;
 156   1          temp_data=temp_data%100;     //????
 157   1          L3G4200DISPLAY[2]=temp_data/10+0x30    ;
 158   1          temp_data=temp_data%10;      //????
 159   1          L3G4200DISPLAY[3]=temp_data+0x30; 
 160   1          L3G4200DISPLAY[4]='\0';
 161   1          
 162   1          TFT_ShowString(0,16,"Y:",BLACK,CYAN);
 163   1          TFT_ShowString(2,16,L3G4200DISPLAY,BLACK,CYAN);
 164   1      }
 165          void DISP_L3G4200_z()
 166          {   
 167   1        int temp_data;
 168   1          float temp ;                    //??
 169   1          L3G4200BUF[4]= Single_Read_L3G4200(OUT_Z_L);
 170   1          L3G4200BUF[5]= Single_Read_L3G4200(OUT_Z_H);//??Z???
 171   1        
 172   1          temp_data=(L3G4200BUF[5]<<8)+L3G4200BUF[4];  //????   
 173   1          temp=(float)temp_data*0.07; // ???? ?9?,2000?/???
 174   1          temp_data=(int)temp;
C51 COMPILER V9.54   JIAOSU_L3G4200                                                        01/09/2019 09:17:15 PAGE 4   

 175   1          
 176   1        if(temp_data<0){
 177   2        temp_data=-temp_data;
 178   2          L3G4200DISPLAY[0]='-';   
 179   2        }
 180   1        else L3G4200DISPLAY[0]='+'; 
 181   1       
 182   1          L3G4200DISPLAY[1]=temp_data/100+0x30   ;
 183   1          temp_data=temp_data%100;     //????
 184   1          L3G4200DISPLAY[2]=temp_data/10+0x30    ;
 185   1          temp_data=temp_data%10;      //????
 186   1          L3G4200DISPLAY[3]=temp_data+0x30; 
 187   1          L3G4200DISPLAY[4]='\0';
 188   1          
 189   1          TFT_ShowString(0,17,"Z:",BLACK,CYAN);
 190   1          TFT_ShowString(2,17,L3G4200DISPLAY,BLACK,CYAN);
 191   1      }
 192          void DISP_L3G4200_temp()
 193          {   
 194   1        unsigned char Temperature;
 195   1      Temperature=Single_Read_L3G4200(OUT_TEMP); //???? 
 196   1          
 197   1          L3G4200DISPLAY[0]=Temperature/100+0x30   ;
 198   1          Temperature=Temperature%100;     //????
 199   1          L3G4200DISPLAY[1]=Temperature/10+0x30    ;
 200   1          Temperature=Temperature%10;      //????
 201   1          L3G4200DISPLAY[2]=Temperature+0x30; 
 202   1          L3G4200DISPLAY[3]='\0';
 203   1          
 204   1          TFT_ShowString_W25(0,18,2,"温度:",BLACK,CYAN);
 205   1          TFT_ShowString(5,18,L3G4200DISPLAY,BLACK,CYAN);
 206   1      
 207   1      
 208   1      
 209   1      }
 210          
 211          
 212          
 213          void L3G4200Convert()
 214          {
 215   1      //  unsigned char devid;
 216   1       //devid=Single_Read_L3G4200(0X00);//??????0XE5,????
 217   1        TFT_ShowString_W25(0,14,2,"角速度:",WHITE,BLUE);
 218   1        
 219   1           DISP_L3G4200_x();                   //---------??X?
 220   1          DISP_L3G4200_y();                   //---------??Y?
 221   1          DISP_L3G4200_z();                   //---------??Z?
 222   1        //  DISP_L3G4200_temp();
 223   1      }
 224          


MODULE INFORMATION:   STATIC OVERLAYABLE
   CODE SIZE        =   1039    ----
   CONSTANT SIZE    =     23    ----
   XDATA SIZE       =     12       5
   PDATA SIZE       =   ----    ----
   DATA SIZE        =   ----    ----
   IDATA SIZE       =   ----    ----
   BIT SIZE         =   ----    ----
END OF MODULE INFORMATION.


C51 COMPILATION COMPLETE.  0 WARNING(S),  0 ERROR(S)
