C51 COMPILER V9.54   JIASUDU_ADXL345                                                       01/09/2019 09:17:15 PAGE 1   


C51 COMPILER V9.54, COMPILATION OF MODULE JIASUDU_ADXL345
OBJECT MODULE PLACED IN .\jiasudu_adxl345.obj
COMPILER INVOKED BY: D:\Program Files (x86)\keil\C51\BIN\C51.EXE ..\hardware\zitai\jiasudu_adxl345.c LARGE OPTIMIZE(8,SP
                    -EED) BROWSE INCDIR(..\hardware\chuankou;..\hardware\dongtai;..\hardware\flash;..\hardware\huanjing;..\hardware\led_key;.
                    -.\hardware\paint;..\hardware\ruqing;..\hardware\touch_main;..\hardware\yaokong;..\hardware\zitai;..\main;..\system\bin;.
                    -.\system\delay;..\system\iic;..\system\interrupt;..\system\spi;..\system\stc;..\tft_touch_sd\font;..\tft_touch_sd\touch;
                    -..\tft_touch_sd\tft;..\tft_touch_sd\txt;..\hardware\peizhi;..\hardware\communicat;..\hardware\phonebook) DEBUG OBJECTEXT
                    -END PRINT(.\jiasudu_adxl345.lst) TABS(2) OBJECT(.\jiasudu_adxl345.obj)

line level    source

   1          #include "STC15F2K60S2.h"
   2          #include "tft.h"
   3          #include "txt.h"
   4          #include "iic.h"
   5          #include "delay.h"
   6          #include "jiasudu_adxl345.h"
   7          #include  <math.h>    //Keil library  
   8          
   9          
  10          
  11          #define I2CAD   0xA6    //三轴加速度ADXL345,ALT  ADDRESS引脚接地时地址为0xA6,接电源时为0x3A
  12          //***************************************************
  13          unsigned char ADXL345BUF[7]='\0';                         //???????   
  14          unsigned char ADXL345DISPLAY[8]='\0';   
  15          //******?????*******************************************
  16          
  17          void Single_Write_ADXL345(unsigned char REG_Address,unsigned char REG_data)
  18          {
  19   1          I2CStart();                  //????
  20   1          I2CSendByte(I2CAD);   //??????+???
  21   1          I2CSendByte(REG_Address);    //???????,?????pdf22? 
  22   1          I2CSendByte(REG_data);       //???????,?????pdf22? 
  23   1          I2CStop();                   //??????
  24   1      }
  25          
  26          //********?????*****************************************
  27          unsigned char Single_Read_ADXL345(unsigned char REG_Address)
  28          {  unsigned char REG_data;
  29   1          I2CStart();                          //????
  30   1          I2CSendByte(I2CAD);           //??????+???
  31   1          I2CSendByte(REG_Address);                   //????????,?0?? 
  32   1          I2CStart();                          //????
  33   1          I2CSendByte(I2CAD+1);         //??????+???
  34   1          REG_data=I2CRecvByte();              //???????
  35   1        I2CSendACK(1);   
  36   1        I2CStop();                           //????
  37   1          return REG_data; 
  38   1      }
  39          //*********************************************************
  40          //
  41          //????ADXL345???????,????0x32~0x37
  42          //
  43          //*********************************************************
  44          void Multiple_Read_ADXL345(void)
  45          {   unsigned char i;
  46   1          I2CStart();                          //????
  47   1          I2CSendByte(I2CAD);           //??????+???
  48   1          I2CSendByte(0x32);                   //????????,?0x32?? 
  49   1          I2CStart();                          //????
  50   1          I2CSendByte(I2CAD+1);         //??????+???
C51 COMPILER V9.54   JIASUDU_ADXL345                                                       01/09/2019 09:17:15 PAGE 2   

  51   1         for (i=0; i<6; i++)                      //????6?????,???BUF
  52   1          {
  53   2              ADXL345BUF[i] = I2CRecvByte();          //BUF[0]??0x32??????
  54   2              if (i == 5)
  55   2              {
  56   3                 I2CSendACK(1);                //?????????NOACK
  57   3              }
  58   2              else
  59   2              {
  60   3                I2CSendACK(0);                //??ACK
  61   3             }
  62   2         }
  63   1          I2CStop();                          //????
  64   1          delayms(5);
  65   1      }
  66          
  67          
  68          //*****************************************************************
  69          
  70          //???ADXL345,???????pdf????************************
  71          void Init_ADXL345()
  72          {
  73   1         Single_Write_ADXL345(0x31,0x0B);   //????,??16g,13???
  74   1         Single_Write_ADXL345(0x2C,0x08);   //?????12.5 ??pdf13?
  75   1         Single_Write_ADXL345(0x2D,0x08);   //??????   ??pdf24?
  76   1         Single_Write_ADXL345(0x2E,0x80);   //?? DATA_READY ??
  77   1         Single_Write_ADXL345(0x1E,0x00);   //X ??? ????????????pdf29?
  78   1         Single_Write_ADXL345(0x1F,0x00);   //Y ??? ????????????pdf29?
  79   1         Single_Write_ADXL345(0x20,0x05);   //Z ??? ????????????pdf29?
  80   1      }
  81          
  82          //??x?
  83          void DISP_ADXL345_x()
  84          {   
  85   1        int temp_data;
  86   1        int  dis_data;                       //??
  87   1          dis_data=(ADXL345BUF[1]<<8)+ADXL345BUF[0];  //????   
  88   1        if(dis_data<0){
  89   2        dis_data=-dis_data;
  90   2          ADXL345DISPLAY[0]='-';   
  91   2        }
  92   1        else ADXL345DISPLAY[0]='+';
  93   1      
  94   1          temp_data=(int)((float)dis_data*3.9);  //???????,??ADXL345?????4?
  95   1          
  96   1        ADXL345DISPLAY[1]=temp_data/10000+0x30 ;
  97   1      temp_data=temp_data%10000;   //????
  98   1        ADXL345DISPLAY[2]=temp_data/1000+0x30 ;
  99   1        ADXL345DISPLAY[3]='.';
 100   1          temp_data=temp_data%1000;    //????
 101   1          ADXL345DISPLAY[4]=temp_data/100+0x30   ;
 102   1          temp_data=temp_data%100;     //????
 103   1          ADXL345DISPLAY[5]=temp_data/10+0x30    ;
 104   1          temp_data=temp_data%10;      //????
 105   1          ADXL345DISPLAY[6]=temp_data+0x30; 
 106   1        ADXL345DISPLAY[7]='\0';
 107   1        TFT_ShowString(0,10,"X:",BLACK,CYAN);
 108   1        TFT_ShowString(2,10,ADXL345DISPLAY,BLACK,CYAN);
 109   1      }
 110          
 111          //***********************************************************************
 112          //??y?
C51 COMPILER V9.54   JIASUDU_ADXL345                                                       01/09/2019 09:17:15 PAGE 3   

 113          void DISP_ADXL345_y()
 114          {     int temp_data;
 115   1        int  dis_data;                       //??
 116   1          dis_data=(ADXL345BUF[3]<<8)+ADXL345BUF[2];  //????   
 117   1        if(dis_data<0){
 118   2        dis_data=-dis_data;
 119   2          ADXL345DISPLAY[0]='-';   
 120   2        }
 121   1        else ADXL345DISPLAY[0]='+';
 122   1      
 123   1       temp_data=(int)((float)dis_data*3.9); 
 124   1          
 125   1        ADXL345DISPLAY[1]=temp_data/10000+0x30 ;
 126   1          temp_data=temp_data%10000;   //????
 127   1        ADXL345DISPLAY[2]=temp_data/1000+0x30 ;
 128   1        ADXL345DISPLAY[3]='.';
 129   1          temp_data=temp_data%1000;    //????
 130   1          ADXL345DISPLAY[4]=temp_data/100+0x30   ;
 131   1          temp_data=temp_data%100;     //????
 132   1          ADXL345DISPLAY[5]=temp_data/10+0x30    ;
 133   1          temp_data=temp_data%10;      //????
 134   1          ADXL345DISPLAY[6]=temp_data+0x30;   
 135   1        ADXL345DISPLAY[7]='\0';
 136   1        TFT_ShowString(0,11,"Y:",BLACK,CYAN);
 137   1        TFT_ShowString(2,11,ADXL345DISPLAY,BLACK,CYAN);
 138   1      }
 139          
 140          //***********************************************************************
 141          //??z?
 142          void DISP_ADXL345_z()
 143          {     int temp_data;
 144   1        int  dis_data;                       //??
 145   1          dis_data=(ADXL345BUF[5]<<8)+ADXL345BUF[4];  //????   
 146   1        if(dis_data<0){
 147   2        dis_data=-dis_data;
 148   2          ADXL345DISPLAY[0]='-';   
 149   2        }
 150   1        else ADXL345DISPLAY[0]='+';
 151   1      
 152   1       temp_data=(int)((float)dis_data*3.9); 
 153   1          
 154   1        ADXL345DISPLAY[1]=temp_data/10000+0x30 ;
 155   1          temp_data=temp_data%10000;   //????
 156   1        ADXL345DISPLAY[2]=temp_data/1000+0x30 ;
 157   1        ADXL345DISPLAY[3]='.';
 158   1          temp_data=temp_data%1000;    //????
 159   1          ADXL345DISPLAY[4]=temp_data/100+0x30   ;
 160   1          temp_data=temp_data%100;     //????
 161   1          ADXL345DISPLAY[5]=temp_data/10+0x30    ;
 162   1          temp_data=temp_data%10;      //????
 163   1          ADXL345DISPLAY[6]=temp_data+0x30;   
 164   1        ADXL345DISPLAY[7]='\0';
 165   1        TFT_ShowString(0,12,"Z:",BLACK,CYAN);
 166   1        TFT_ShowString(2,12,ADXL345DISPLAY,BLACK,CYAN);
 167   1      }
 168          void ADXL345Convert()
 169          {
 170   1      //  unsigned char devid;
 171   1       //devid=Single_Read_ADXL345(0X00);//??????0XE5,????
 172   1        TFT_ShowString_W25(0,9,2,"加速度:",WHITE,BLUE);
 173   1        Multiple_Read_ADXL345();  
 174   1        
C51 COMPILER V9.54   JIASUDU_ADXL345                                                       01/09/2019 09:17:15 PAGE 4   

 175   1          DISP_ADXL345_x();                   //---------??X?
 176   1          DISP_ADXL345_y();                   //---------??Y?
 177   1          DISP_ADXL345_z();                   //---------??Z?
 178   1      }
 179          


MODULE INFORMATION:   STATIC OVERLAYABLE
   CODE SIZE        =   1063    ----
   CONSTANT SIZE    =     17    ----
   XDATA SIZE       =     15       5
   PDATA SIZE       =   ----    ----
   DATA SIZE        =   ----    ----
   IDATA SIZE       =   ----    ----
   BIT SIZE         =   ----    ----
END OF MODULE INFORMATION.


C51 COMPILATION COMPLETE.  0 WARNING(S),  0 ERROR(S)
