C51 COMPILER V9.54   LED_KEY                                                               01/09/2019 09:17:13 PAGE 1   


C51 COMPILER V9.54, COMPILATION OF MODULE LED_KEY
OBJECT MODULE PLACED IN .\led_key.obj
COMPILER INVOKED BY: D:\Program Files (x86)\keil\C51\BIN\C51.EXE ..\hardware\led_key\led_key.c LARGE OPTIMIZE(8,SPEED) B
                    -ROWSE INCDIR(..\hardware\chuankou;..\hardware\dongtai;..\hardware\flash;..\hardware\huanjing;..\hardware\led_key;..\hard
                    -ware\paint;..\hardware\ruqing;..\hardware\touch_main;..\hardware\yaokong;..\hardware\zitai;..\main;..\system\bin;..\syst
                    -em\delay;..\system\iic;..\system\interrupt;..\system\spi;..\system\stc;..\tft_touch_sd\font;..\tft_touch_sd\touch;..\tft
                    -_touch_sd\tft;..\tft_touch_sd\txt;..\hardware\peizhi;..\hardware\communicat;..\hardware\phonebook) DEBUG OBJECTEXTEND PR
                    -INT(.\led_key.lst) TABS(2) OBJECT(.\led_key.obj)

line level    source

   1          
   2          #include  "delay.h"         //延时函数
   3          #include  "led_key.h" 
   4          #include "STC15F2K60S2.h"
   5          sbit LED_D3 = P6^6; //CG_BY2 ,CK_CE
   6          sbit LED_D4  =P6^7; //CG_BY3 ,CK_CSN
   7          sbit KEY  =P3^4;
   8          
   9          void LedKeyInit(void)
  10          {
  11   1      P3M1 &=~(1<<4);
  12   1      P3M1 |=(1<<4);    //key输入  按键不外接上拉电阻就不要配置,不然时钟判断是低电平
  13   1      
  14   1      P6M0 |=(1<<6)|(1<<7); //LED输出
  15   1      P6M1 &=~((1<<6)|(1<<7));
  16   1      
  17   1      }
  18          void LED3_ON(void)
  19          {
  20   1        LED_D3=0;
  21   1      }
  22          void LED4_ON(void)
  23          {
  24   1        LED_D4=0;
  25   1      }
  26          void LED3_OFF(void)
  27          {
  28   1        LED_D3=1;
  29   1      }
  30          void LED4_OFF(void)
  31          {
  32   1        LED_D4=1;
  33   1      }
  34          void LedMode(unsigned char a)
  35          {
  36   1         switch(a)
  37   1         {
  38   2          case 0: LED_D3 =0;LED_D4 =1;  break;
  39   2          case 1: LED_D3 =1;LED_D4 =0;  break;
  40   2          case 2: LED_D3 =0;LED_D4 =0;  break;
  41   2          case 3: LED_D3 =1;LED_D4 =1;  break;
  42   2         }
  43   1         
  44   1      }
  45          
  46          void KeyTest(void)
  47          {
  48   1        static unsigned char ledmod=0;
  49   1      
  50   1        if(KEY==0)
C51 COMPILER V9.54   LED_KEY                                                               01/09/2019 09:17:13 PAGE 2   

  51   1        { 
  52   2          delayms(100);
  53   2          if(KEY==0)
  54   2          { 
  55   3            if(ledmod++>4) ledmod=0;
  56   3          }
  57   2        }
  58   1        LedMode(ledmod);   
  59   1      }


MODULE INFORMATION:   STATIC OVERLAYABLE
   CODE SIZE        =     95    ----
   CONSTANT SIZE    =   ----    ----
   XDATA SIZE       =      1    ----
   PDATA SIZE       =   ----    ----
   DATA SIZE        =   ----    ----
   IDATA SIZE       =   ----    ----
   BIT SIZE         =   ----    ----
END OF MODULE INFORMATION.


C51 COMPILATION COMPLETE.  0 WARNING(S),  0 ERROR(S)
