C51 COMPILER V9.54   PAINT                                                                 01/09/2019 14:28:40 PAGE 1   


C51 COMPILER V9.54, COMPILATION OF MODULE PAINT
OBJECT MODULE PLACED IN .\paint.obj
COMPILER INVOKED BY: D:\Program Files (x86)\keil\C51\BIN\C51.EXE ..\hardware\paint\paint.c LARGE OPTIMIZE(8,SPEED) BROWS
                    -E INCDIR(..\hardware\chuankou;..\hardware\dongtai;..\hardware\flash;..\hardware\huanjing;..\hardware\led_key;..\hardware
                    -\paint;..\hardware\ruqing;..\hardware\touch_main;..\hardware\yaokong;..\hardware\zitai;..\main;..\system\bin;..\system\d
                    -elay;..\system\iic;..\system\interrupt;..\system\spi;..\system\stc;..\tft_touch_sd\font;..\tft_touch_sd\touch;..\tft_tou
                    -ch_sd\tft;..\tft_touch_sd\txt;..\hardware\peizhi;..\hardware\communicat;..\hardware\phonebook) DEBUG OBJECTEXTEND PRINT(
                    -.\paint.lst) TABS(2) OBJECT(.\paint.obj)

line level    source

   1           #include <stdio.h>
   2           #include "paint.h"
   3           #include "tft.h"
   4           #include "txt.h"
   5           #include "touch.h"
   6           /**************************************************************************************************/
   7          void PaintFrame(void)
   8          {
   9   1        //显示坐标区
  10   1        TFT_ClearONELINE(0,RED);
  11   1          TFT_ShowString(0,0,"CPU:STC15W4K48S4",WHITE,RED);      
  12   1        TFT_ShowString_W25(20,0,2,"易思达科技",WHITE,RED);
  13   1          //TFT_ShowString_SD(22,0,"华夏学院",WHITE,RED);
  14   1        TFT_ClearArea(0,16,200,320-32,WHITE); //清空显示区
  15   1        TFT_ClearArea(200,16,40,320-32,LIGHTBLUE); //清空命令区
  16   1        TFT_ClearONELINE(19,BLUE);
  17   1        TFT_ShowString_W25(0,19,2,"主界面",WHITE,RED);
  18   1        TFT_ShowString(9,19,"LCDX:",RED,BLUE);
  19   1        TFT_ShowString(20,19,"LCDY:",RED,BLUE);
  20   1      
  21   1        TFT_ShowString(25,1,"clear",BLACK,LGRAY);
  22   1        TFT_ShowString(25,2,"     ",MAGENTA,MAGENTA);
  23   1        TFT_ShowString(25,3,"--1--",BLACK,LGRAY); LCD_DrawPoint_big(220,64+8,1,BLUE);
  24   1        TFT_ShowString(25,5,"--3--",BLACK,LGRAY); LCD_DrawPoint_big(218,96+6,3,BLUE);
  25   1        TFT_ShowString(25,7,"--5--",BLACK,LGRAY);LCD_DrawPoint_big(217,128+5,5,BLUE);
  26   1        TFT_ShowString(25,9,"--7--",BLACK,LGRAY);LCD_DrawPoint_big(216,160+4,7,BLUE);
  27   1        TFT_ShowString(25,11,"--9--",BLACK,LGRAY);LCD_DrawPoint_big(215,192+3,9,BLUE);
  28   1        TFT_ShowString(25,13,"-----",BLACK,LGRAY);
  29   1        LCD_DrawPoint_big(202,224+8,15,RED);LCD_DrawPoint_big(222,224+8,15,YELLOW); // 232
  30   1        LCD_DrawPoint_big(202,247+8,15,BLUE);LCD_DrawPoint_big(222,247+8,15,CYAN);
  31   1        LCD_DrawPoint_big(202,270+8,15,BLACK);LCD_DrawPoint_big(222,270+8,15,BROWN);
  32   1      }
  33          //显示描点的坐标
  34          void ZuoBiao(void)
  35          {
  36   1        unsigned char showzf[4];
  37   1        sprintf(showzf,"%d",tp_pixlcd.x);
  38   1        TFT_ShowString(9+5,19,"    ",RED,BLUE);TFT_ShowString(9+5,19,showzf,RED,BLUE);
  39   1        sprintf(showzf,"%d",tp_pixlcd.y);
  40   1        TFT_ShowString(20+5,19,"    ",RED,BLUE);TFT_ShowString(20+5,19,showzf,RED,BLUE);
  41   1      }
  42          
  43          //绘图函数
  44          //n:画笔粗细
  45          void PaintTouch(void) 
  46          {
  47   1        unsigned int color=BLUE;  
  48   1        unsigned char n=1;
  49   1        PaintFrame();
  50   1          while(1)
C51 COMPILER V9.54   PAINT                                                                 01/09/2019 14:28:40 PAGE 2   

  51   1        {
  52   2          laidian();    
*** WARNING C206 IN LINE 52 OF ..\hardware\paint\paint.c: 'laidian': missing function-prototype
  53   2          if(!Touch_IRQ())
  54   2          {
  55   3            if(Convert_Pos()) //得到坐标值
  56   3            {
  57   4              if(tp_pixlcd.x<200 && tp_pixlcd.y>16 && tp_pixlcd.y<320-22 )//绘图区
  58   4              {
  59   5                LCD_DrawPoint_big(tp_pixlcd.x,tp_pixlcd.y,n,color); 
  60   5              } 
  61   4      
  62   4              else if(tp_pixlcd.x<48&&tp_pixlcd.y>298)    //下标签栏"主界面"
  63   4                break;        
  64   4              else if(tp_pixlcd.x>200&&tp_pixlcd.y>32&&tp_pixlcd.y<320-16)   //命令区
  65   4              {
  66   5                  if(  tp_pixlcd.y<32+16)//清屏绘图
  67   5                { TFT_ClearArea(0,16,200,320-32,WHITE);   }
  68   5                else if(tp_pixlcd.y>64&&tp_pixlcd.y<80) //画笔粗1
  69   5                {   n=1;      }           
  70   5                else if(tp_pixlcd.y>96 && tp_pixlcd.y<96+16)//画笔粗3
  71   5                {   n=3;      }
  72   5                else if(tp_pixlcd.y>128 &&tp_pixlcd.y<128+16)//画笔粗5
  73   5                {   n=5;      }           
  74   5                else if(tp_pixlcd.y>160 &&tp_pixlcd.y<160+16)//画笔粗7
  75   5                {   n=7;      }
  76   5                else if(tp_pixlcd.y>192 &&tp_pixlcd.y<192+16)//画笔粗9
  77   5                {   n=9;      }
  78   5                //颜色选择
  79   5                else if(tp_pixlcd.y>224+4 &&tp_pixlcd.y<224+15+4)
  80   5                {   
  81   6                  if(tp_pixlcd.x<220)  color=RED;
  82   6                  else color=YELLOW;
  83   6                }
  84   5                else if(tp_pixlcd.y>247+4 &&tp_pixlcd.y<247+15+4)
  85   5                {   
  86   6                  if(tp_pixlcd.x<220)  color=BLUE;
  87   6                  else color=CYAN;
  88   6                }
  89   5                else if(tp_pixlcd.y>270+4 &&tp_pixlcd.y<270+15+4)
  90   5                {   
  91   6                  if(tp_pixlcd.x<220)  color=BLACK;
  92   6                  else color=BROWN;
  93   6                }
  94   5              }
  95   4      
  96   4              ZuoBiao();  
  97   4            }
  98   3          } 
  99   2        }
 100   1      }       


MODULE INFORMATION:   STATIC OVERLAYABLE
   CODE SIZE        =   1490    ----
   CONSTANT SIZE    =    103    ----
   XDATA SIZE       =   ----       7
   PDATA SIZE       =   ----    ----
   DATA SIZE        =   ----    ----
   IDATA SIZE       =   ----    ----
   BIT SIZE         =   ----    ----
END OF MODULE INFORMATION.

C51 COMPILER V9.54   PAINT                                                                 01/09/2019 14:28:40 PAGE 3   


C51 COMPILATION COMPLETE.  1 WARNING(S),  0 ERROR(S)
