C51 COMPILER V9.54   PEIZHI                                                                01/08/2019 14:12:06 PAGE 1   


C51 COMPILER V9.54, COMPILATION OF MODULE PEIZHI
OBJECT MODULE PLACED IN .\peizhi.obj
COMPILER INVOKED BY: D:\Program Files (x86)\keil\C51\BIN\C51.EXE ..\hardware\peizhi\peizhi.c LARGE OPTIMIZE(8,SPEED) BRO
                    -WSE INCDIR(..\hardware\chuankou;..\hardware\dongtai;..\hardware\flash;..\hardware\huanjing;..\hardware\led_key;..\hardwa
                    -re\paint;..\hardware\ruqing;..\hardware\touch_main;..\hardware\yaokong;..\hardware\zitai;..\main;..\system\bin;..\system
                    -\delay;..\system\iic;..\system\interrupt;..\system\spi;..\system\stc;..\tft_touch_sd\font;..\tft_touch_sd\touch;..\tft_t
                    -ouch_sd\tft;..\tft_touch_sd\txt;..\hardware\peizhi;..\hardware\communicat) DEBUG OBJECTEXTEND PRINT(.\peizhi.lst) TABS(2
                    -) OBJECT(.\peizhi.obj)

line level    source

   1          #include <stdio.h>
   2          #include <string.h>
   3          #include "peizhi.h"
   4          #include "communicat.h"
   5          #include "tft.h"
   6          #include "txt.h"
   7          #include "touch.h"
   8          #include "delay.h"
   9          #include "touch_main.h"
  10          #include "chuankou.h"
  11          
  12          
  13          


MODULE INFORMATION:   STATIC OVERLAYABLE
   CODE SIZE        =   ----    ----
   CONSTANT SIZE    =   ----    ----
   XDATA SIZE       =   ----    ----
   PDATA SIZE       =   ----    ----
   DATA SIZE        =   ----    ----
   IDATA SIZE       =   ----    ----
   BIT SIZE         =   ----    ----
END OF MODULE INFORMATION.


C51 COMPILATION COMPLETE.  0 WARNING(S),  0 ERROR(S)
