C51 COMPILER V9.54   PHONEBOOK                                                             01/09/2019 14:34:51 PAGE 1   


C51 COMPILER V9.54, COMPILATION OF MODULE PHONEBOOK
OBJECT MODULE PLACED IN .\phonebook.obj
COMPILER INVOKED BY: D:\Program Files (x86)\keil\C51\BIN\C51.EXE ..\hardware\phonebook\phonebook.c LARGE OPTIMIZE(8,SPEE
                    -D) BROWSE INCDIR(..\hardware\chuankou;..\hardware\dongtai;..\hardware\flash;..\hardware\huanjing;..\hardware\led_key;..\
                    -hardware\paint;..\hardware\ruqing;..\hardware\touch_main;..\hardware\yaokong;..\hardware\zitai;..\main;..\system\bin;..\
                    -system\delay;..\system\iic;..\system\interrupt;..\system\spi;..\system\stc;..\tft_touch_sd\font;..\tft_touch_sd\touch;..
                    -\tft_touch_sd\tft;..\tft_touch_sd\txt;..\hardware\peizhi;..\hardware\communicat;..\hardware\phonebook) DEBUG OBJECTEXTEN
                    -D PRINT(.\phonebook.lst) TABS(2) OBJECT(.\phonebook.obj)

line level    source

   1          #include <stdio.h>
   2          #include <string.h>
   3          #include "txt.h"
   4          #include "STC15F2K60S2.h"
   5          #include "communicat.h"
   6          #include "tft.h"
   7          #include "touch.h"
   8          #include "delay.h"
   9          #include "touch_main.h"
  10          #include "chuankou.h"
  11          #include "ruqing.h"
  12          #include "phonebook.h"
  13          
  14          
  15          extern unsigned char TouchNumber;
  16          extern int restart;
  17          extern unsigned char phonenum[12];  //去电号码
  18          //unsigned chzr Rain[12]={1,5,8,2,7,5,9,8,6,7,5};
  19          int j = 0 ;
  20          
  21          void TxtFrame(void)
  22          {
  23   1        
  24   1        TFT_ClearONELINE(0,RED);
  25   1        TFT_ShowString(0,0,"CPU:STC15W4K48S4",WHITE,RED);
  26   1        TFT_ShowString_W25(20,0,2,"易思达科技",WHITE,RED);
  27   1        
  28   1        TFT_ClearArea(0,16,240,320-16,LIGHTBLUE);
  29   1        
  30   1        TFT_ShowString_W25(0,19,2,"主界面",WHITE,RED);
  31   1        TFT_ShowString_W25(1,3,3,"陈紫康",WHITE,MAGENTA);
  32   1        TFT_ShowString_W25(8,3,3,"15827598675",WHITE,MAGENTA);
  33   1        TFT_ShowString_W25(1,5,3,"侯永康",WHITE,MAGENTA);
  34   1        TFT_ShowString_W25(8,5,3,"15827077171",WHITE,MAGENTA);
  35   1      }
  36          
  37          void TxtTouch(void)
  38          {
  39   1        restart = 0;
  40   1        memset(phonenum,'\0',sizeof(phonenum));
  41   1        TxtFrame();
  42   1        while(1)
  43   1        {
  44   2          while(1)
  45   2          {
  46   3            laidian();      
  47   3            if(!Touch_IRQ())
  48   3            {
  49   4              if(Convert_Pos()) //得到坐标值
  50   4              {
C51 COMPILER V9.54   PHONEBOOK                                                             01/09/2019 14:34:51 PAGE 2   

  51   5                TouchNumber=0;
  52   5                if(tp_pixlcd.x<48 && tp_pixlcd.y>304)  //下标签栏"主界面"
  53   5                {
  54   6                  restart=1;  
  55   6                  break;
  56   6                }
  57   5                else if(tp_pixlcd.y>48 && tp_pixlcd.y<85)  //第1排
  58   5                {
  59   6                  if(tp_pixlcd.x>30 && tp_pixlcd.x<96)//1
  60   6                    {
  61   7                      TouchNumber=1;
  62   7                      strcat(phonenum,"15827598675"); 
  63   7                    }
  64   6                }
  65   5                else if(tp_pixlcd.y>110 && tp_pixlcd.y<147)  //第2排
  66   5                {
  67   6                  if(tp_pixlcd.x>30 && tp_pixlcd.x<96)//
  68   6                    {
  69   7                      TouchNumber=1;
  70   7                      strcat(phonenum,"15827077171");           
  71   7                    }
  72   6                }
  73   5              }
  74   4            }
  75   3            if(TouchNumber==1)
  76   3            {
  77   4              restart=1;
  78   4              callnum();
  79   4              break;
  80   4            }
  81   3            
  82   3          }
  83   2          if(restart == 1)
  84   2          {
  85   3            restart = 0;
  86   3            MainTouch();
  87   3            break;
  88   3          }
  89   2        }
  90   1      }


MODULE INFORMATION:   STATIC OVERLAYABLE
   CODE SIZE        =    596    ----
   CONSTANT SIZE    =     73    ----
   XDATA SIZE       =      2    ----
   PDATA SIZE       =   ----    ----
   DATA SIZE        =   ----    ----
   IDATA SIZE       =   ----    ----
   BIT SIZE         =   ----    ----
END OF MODULE INFORMATION.


C51 COMPILATION COMPLETE.  0 WARNING(S),  0 ERROR(S)
