C51 COMPILER V9.54   RUQING                                                                01/09/2019 09:17:14 PAGE 1   


C51 COMPILER V9.54, COMPILATION OF MODULE RUQING
OBJECT MODULE PLACED IN .\ruqing.obj
COMPILER INVOKED BY: D:\Program Files (x86)\keil\C51\BIN\C51.EXE ..\hardware\ruqing\ruqing.c LARGE OPTIMIZE(8,SPEED) BRO
                    -WSE INCDIR(..\hardware\chuankou;..\hardware\dongtai;..\hardware\flash;..\hardware\huanjing;..\hardware\led_key;..\hardwa
                    -re\paint;..\hardware\ruqing;..\hardware\touch_main;..\hardware\yaokong;..\hardware\zitai;..\main;..\system\bin;..\system
                    -\delay;..\system\iic;..\system\interrupt;..\system\spi;..\system\stc;..\tft_touch_sd\font;..\tft_touch_sd\touch;..\tft_t
                    -ouch_sd\tft;..\tft_touch_sd\txt;..\hardware\peizhi;..\hardware\communicat;..\hardware\phonebook) DEBUG OBJECTEXTEND PRIN
                    -T(.\ruqing.lst) TABS(2) OBJECT(.\ruqing.obj)

line level    source

   1          
   2          #include "tft.h"
   3          #include "bin.h"
   4          #include "txt.h"
   5          #include "touch.h"
   6          
   7          #include "ruqing.h"
   8          #include "interrupt.h"
   9          #include "delay.h"
  10          #include  "led_key.h"
  11          #include "STC15F2K60S2.h"
  12          
  13          sbit CG_FMQ = P4^2;  //输出  脉冲 
  14          sbit CG_RSO = P4^3; //输入 高电平有效
  15          /**
  16            ruqing.c功能
  17           蜂鸣器；
  18           人体红外热释电；
  19          */
  20          unsigned char BEEPON=0;
  21          
  22          void RuqingIOInit(void)
  23          {  
  24   1      P4M0 |=(1<<2);
  25   1      P4M1 &=~(1<<2); 
  26   1      
  27   1      P4M0 &=~(1<<3); //输入
  28   1      P4M1 |=(1<<3); //输入
  29   1      
  30   1      CG_FMQ =0;//关闭蜂鸣器
  31   1      }  
  32          
  33          void Beep_On(void)
  34          {
  35   1        CG_FMQ =1;//蜂鸣器
  36   1      }
  37          void Beep_Off(void)
  38          {
  39   1        CG_FMQ =0;//关闭蜂鸣器
  40   1      }
  41          void RuqingMFrame(void)
  42          {
  43   1        TFT_ClearArea(0,16,240,320-16,LIGHTBLUE);
  44   1        TFT_ClearONELINE(19,BLUE);
  45   1          TFT_ShowString_W25(0,19,2,"主界面",WHITE,RED);
  46   1      }
  47          /*0表示关，1表示开*/
  48          void FMQFrame(unsigned char a)
  49          {
  50   1      if(a==0) // OFF
C51 COMPILER V9.54   RUQING                                                                01/09/2019 09:17:14 PAGE 2   

  51   1      {
  52   2        TFT_ClearArea(55,75,112,53,WHITE);
  53   2        TFT_ClearArea(55+5,75+5,112-10,53-10,BROWN);
  54   2        TFT_ClearArea(55+5+2,75+5+2,98,39,WHITE);
  55   2        TFT_ShowString_W25(10,6,2,"蜂鸣器OFF",BROWN,WHITE);
  56   2      //  BEEPON=0;
  57   2      }else if(a==1) //  ON
  58   1      {
  59   2        TFT_ClearArea(55,75,112,53,WHITE);
  60   2        TFT_ClearArea(55+5,75+5,112-10,53-10,RED);
  61   2        TFT_ClearArea(62,75+5+2,98,39,WHITE);
  62   2        TFT_ShowString_W25(10,6,2,"蜂鸣器ON",RED,WHITE);
  63   2      //  BEEPON=1;
  64   2      }
  65   1      }
  66          /*0表示关，1表示开*/
  67          void RSDFrame(unsigned char a)
  68          {
  69   1      if(a==0) // OFF
  70   1      {
  71   2        TFT_ClearArea(55,170,112,53,WHITE);
  72   2        TFT_ClearArea(55+5,170+5,112-10,53-10,BROWN);
  73   2        TFT_ClearArea(62,170+5+2,98,39,WHITE);
  74   2        TFT_ShowString_W25(10,12,2,"入侵OFF",BROWN,WHITE);
  75   2      //  BEEPON=0;
  76   2      }else if(a==1) // ON
  77   1      {
  78   2        TFT_ClearArea(55,170,112,53,WHITE);
  79   2        TFT_ClearArea(55+5,170+5,112-10,53-10,RED);
  80   2        TFT_ClearArea(62,170+5+2,98,39,WHITE);
  81   2        TFT_ShowString_W25(10,12,2,"入侵ON",RED,WHITE);
  82   2      //  BEEPON=1;
  83   2      }
  84   1      }
  85          
  86          
  87          
  88          void RuqBaojTouch(void)
  89          {
  90   1         bit RQflag1=0,RQflag2=0;
  91   1          RuqingMFrame();
  92   1          FMQFrame(0);
  93   1          RSDFrame(0);
  94   1          RuqingIOInit();
  95   1          Time0_Init1MS();
  96   1          LedKeyInit();
  97   1          TR0=1;//开始计数
  98   1          BEEPON=0;
  99   1      
 100   1          while(1)
 101   1          {
 102   2          if(!Touch_IRQ()) //有触摸发生
 103   2          {
 104   3            if(Convert_Pos()) //得到坐标值
 105   3            {
 106   4              if(tp_pixlcd.x<48&&tp_pixlcd.y>298)   //下标签栏"主界面"
 107   4              {TR0=0;ET0 =0;EA=0;CountNumber=0;return;}
 108   4      
 109   4              if(tp_pixlcd.x<160&&tp_pixlcd.x>62)        
 110   4              {
 111   5                if(tp_pixlcd.y<121&&tp_pixlcd.y>82)  //BUTTON1 OFF 
 112   5                {
C51 COMPILER V9.54   RUQING                                                                01/09/2019 09:17:14 PAGE 3   

 113   6                  while(!Touch_IRQ());//等待触摸松开
 114   6                  RQflag1=~RQflag1;
 115   6                  if(RQflag1==1)FMQFrame(1);
 116   6                  else FMQFrame(0);
 117   6                }
 118   5                if(tp_pixlcd.y<216&&tp_pixlcd.y>177)//BUTTON2 OFF 
 119   5                {
 120   6                  while(!Touch_IRQ());//等待触摸松开
 121   6                  RQflag2=~RQflag2;
 122   6                  if(RQflag2==1)RSDFrame(1);
 123   6                  else RSDFrame(0);
 124   6                
 125   6                }
 126   5            
 127   5              }
 128   4      
 129   4             }
 130   3           }
 131   2           
 132   2          if(RQflag1==1 && RQflag2==1 && CG_RSO==1){BEEPON=1;LED3_ON();LED4_ON();}  
 133   2          else {LED3_OFF();LED4_OFF();BEEPON=0;}    
 134   2           }
 135   1      
 136   1      }


MODULE INFORMATION:   STATIC OVERLAYABLE
   CODE SIZE        =    864    ----
   CONSTANT SIZE    =     41    ----
   XDATA SIZE       =      1       2
   PDATA SIZE       =   ----    ----
   DATA SIZE        =   ----    ----
   IDATA SIZE       =   ----    ----
   BIT SIZE         =   ----       2
END OF MODULE INFORMATION.


C51 COMPILATION COMPLETE.  0 WARNING(S),  0 ERROR(S)
