C51 COMPILER V9.54   ZITAI                                                                 01/08/2019 23:51:26 PAGE 1   


C51 COMPILER V9.54, COMPILATION OF MODULE ZITAI
OBJECT MODULE PLACED IN .\zitai.obj
COMPILER INVOKED BY: D:\Program Files (x86)\keil\C51\BIN\C51.EXE ..\hardware\zitai\zitai.c LARGE OPTIMIZE(8,SPEED) BROWS
                    -E INCDIR(..\hardware\chuankou;..\hardware\dongtai;..\hardware\flash;..\hardware\huanjing;..\hardware\led_key;..\hardware
                    -\paint;..\hardware\ruqing;..\hardware\touch_main;..\hardware\yaokong;..\hardware\zitai;..\main;..\system\bin;..\system\d
                    -elay;..\system\iic;..\system\interrupt;..\system\spi;..\system\stc;..\tft_touch_sd\font;..\tft_touch_sd\touch;..\tft_tou
                    -ch_sd\tft;..\tft_touch_sd\txt;..\hardware\peizhi;..\hardware\communicat) DEBUG OBJECTEXTEND PRINT(.\zitai.lst) TABS(2) O
                    -BJECT(.\zitai.obj)

line level    source

   1          #include "STC15F2K60S2.h"
   2          #include "tft.h"
   3          #include "bin.h"
   4          #include "txt.h"
   5          #include "touch.h"
   6          #include "delay.h"
   7          #include "zitai.h"
   8          #include "iic.h"
   9          #include "qiya_bmp085.h"
  10          #include "cichang_hmc5883.h"
  11          #include "jiasudu_adxl345.h"
  12          #include "jiaosu_l3g4200.h"
  13          /**
  14            zitai.c功能
  15           九轴加速度；（基于IIC协议）
  16           脉搏；   
  17          */
  18                                
  19          
  20          sbit CG_MBO = P3^7;  //输入 
  21          
  22          void ZitaiIOInit(void)
  23          { 
  24   1      /* 
  25   1      P3M0 &=~(1<<7); //输入
  26   1      P3M1 |=(1<<7); //输入  
  27   1      */
  28   1      Init_IIC();
  29   1      }
  30          void ZitaiMFrame(void)
  31          {
  32   1        TFT_ClearArea(0,16,240,320-16,LIGHTBLUE);
  33   1        TFT_ClearONELINE(19,BLUE);
  34   1          TFT_ShowString_W25(0,19,2,"主界面",WHITE,RED);
  35   1      }
  36          void ZitTiaozTouch(void)
  37          {
  38   1        unsigned char i=255;
  39   1         ZitaiMFrame();
  40   1         ZitaiIOInit();
  41   1         Init_BMP085();
  42   1         Init_HMC5883();
  43   1         Init_ADXL345();
  44   1         Init_L3G4200();
  45   1         while(1)
  46   1         {
  47   2            if(!Touch_IRQ()) //有触摸发生
  48   2            {
  49   3              if(Convert_Pos()) //得到坐标值
  50   3              {
C51 COMPILER V9.54   ZITAI                                                                 01/08/2019 23:51:26 PAGE 2   

  51   4                if(tp_pixlcd.x<48&&tp_pixlcd.y>298)   //下标签栏"主界面"
  52   4                {return;}
  53   4      
  54   4                }
  55   3            }
  56   2              if(i>20)
  57   2              {
  58   3               bmp085Convert(); 
  59   3                  i=0;
  60   3              }
  61   2              HMC5883Convert();
  62   2              ADXL345Convert();
  63   2              L3G4200Convert();
  64   2              delayms(10);
  65   2              i++;
  66   2           }
  67   1      }


MODULE INFORMATION:   STATIC OVERLAYABLE
   CODE SIZE        =    190    ----
   CONSTANT SIZE    =      7    ----
   XDATA SIZE       =   ----       1
   PDATA SIZE       =   ----    ----
   DATA SIZE        =   ----    ----
   IDATA SIZE       =   ----    ----
   BIT SIZE         =   ----    ----
END OF MODULE INFORMATION.


C51 COMPILATION COMPLETE.  0 WARNING(S),  0 ERROR(S)
